Build started 2015/9/5 21:00:34.
     1>Project "D:\QT\workspace\doudizhu\Game\Game.vcxproj" on node 2 (Build target(s)).
     1>CustomBuild:
         Moc'ing gamewindow.h...
       ClCompile:
         D:\VS2013\installs\VC\bin\x86_amd64\CL.exe /c /I. /I..\..\..\..\qt\install\5.5\msvc2013_64\include /I..\..\..\..\qt\install\5.5\msvc2013_64\include\QtWidgets /I..\..\..\..\qt\install\5.5\msvc2013_64\include\QtGui /I..\..\..\..\qt\install\5.5\msvc2013_64\include\QtANGLE /I..\..\..\..\qt\install\5.5\msvc2013_64\include\QtNetwork /I..\..\..\..\qt\install\5.5\msvc2013_64\include\QtCore /Irelease /I. /I"..\..\..\..\qt\install\5.5\msvc2013_64\mkspecs\win32-msvc2013" /I.\GeneratedFiles /nologo /W3 /WX- /O2 /D _WINDOWS /D UNICODE /D WIN32 /D WIN64 /D QT_NO_DEBUG /D QT_WIDGETS_LIB /D QT_GUI_LIB /D QT_NETWORK_LIB /D QT_CORE_LIB /D NDEBUG /Gm- /EHsc /MD /GS /fp:precise /Zc:wchar_t /Zc:forScope /GR /Fo"x64\Release\\" /Fd"x64\Release\vc120.pdb" /Gd /TP /errorReport:prompt -Zc:strictStrings -w34100 -w34189 -w44996 card.cpp cardcombine.cpp datapackage.cpp gamewindow.cpp GeneratedFiles\Release\moc_gamewindow.cpp main.cpp player.cpp
         card.cpp
     1>card.cpp : warning C4819: The file contains a character that cannot be represented in the current code page (936). Save the file in Unicode format to prevent data loss
         cardcombine.cpp
     1>cardcombine.cpp : warning C4819: The file contains a character that cannot be represented in the current code page (936). Save the file in Unicode format to prevent data loss
     1>d:\qt\workspace\doudizhu\game\cardcombine.h : warning C4819: The file contains a character that cannot be represented in the current code page (936). Save the file in Unicode format to prevent data loss
         datapackage.cpp
     1>datapackage.cpp : warning C4819: The file contains a character that cannot be represented in the current code page (936). Save the file in Unicode format to prevent data loss
     1>d:\qt\workspace\doudizhu\game\datapackage.h : warning C4819: The file contains a character that cannot be represented in the current code page (936). Save the file in Unicode format to prevent data loss
     1>d:\qt\workspace\doudizhu\game\datatype.h : warning C4819: The file contains a character that cannot be represented in the current code page (936). Save the file in Unicode format to prevent data loss
         gamewindow.cpp
         moc_gamewindow.cpp
         main.cpp
     1>d:\qt\workspace\doudizhu\game\datapackage.h : warning C4819: The file contains a character that cannot be represented in the current code page (936). Save the file in Unicode format to prevent data loss
         player.cpp
     1>player.cpp : warning C4819: The file contains a character that cannot be represented in the current code page (936). Save the file in Unicode format to prevent data loss
     1>d:\qt\workspace\doudizhu\game\player.h : warning C4819: The file contains a character that cannot be represented in the current code page (936). Save the file in Unicode format to prevent data loss
     1>d:\qt\workspace\doudizhu\game\cardcombine.h : warning C4819: The file contains a character that cannot be represented in the current code page (936). Save the file in Unicode format to prevent data loss
         Generating Code...
       Link:
         D:\VS2013\installs\VC\bin\x86_amd64\link.exe /ERRORREPORT:PROMPT /OUT:"release\\Game.exe" /INCREMENTAL:NO /NOLOGO /LIBPATH:D:\QT\install\5.5\msvc2013_64\lib /LIBPATH:D:/qt/install/5.5/msvc2013_64/lib /LIBPATH:D:\QT\install\5.5\msvc2013_64\lib D:\QT\install\5.5\msvc2013_64\lib\qtmain.lib shell32.lib D:/qt/install/5.5/msvc2013_64/lib\Qt5Core.lib D:\QT\install\5.5\msvc2013_64\lib\Qt5Widgets.lib D:\QT\install\5.5\msvc2013_64\lib\Qt5Gui.lib D:\QT\install\5.5\msvc2013_64\lib\Qt5Network.lib D:\QT\install\5.5\msvc2013_64\lib\Qt5Core.lib kernel32.lib user32.lib gdi32.lib winspool.lib comdlg32.lib advapi32.lib shell32.lib ole32.lib oleaut32.lib uuid.lib odbc32.lib odbccp32.lib /MANIFEST /MANIFESTUAC:"level='asInvoker' uiAccess='false'" /manifest:embed /PDB:"release\Game.pdb" /SUBSYSTEM:WINDOWS /TLBID:1 /DYNAMICBASE /NXCOMPAT /MACHINE:X64 "/MANIFESTDEPENDENCY:type='win32' name='Microsoft.Windows.Common-Controls' version='6.0.0.0' publicKeyToken='6595b64144ccf1df' language='*' processorArchitecture='*'" x64\Release\card.obj
         x64\Release\cardcombine.obj
         x64\Release\datapackage.obj
         x64\Release\gamewindow.obj
         x64\Release\moc_gamewindow.obj
         x64\Release\main.obj
         x64\Release\player.obj
     1>LINK : fatal error LNK1104: cannot open file 'release\\Game.exe'
     1>Done Building Project "D:\QT\workspace\doudizhu\Game\Game.vcxproj" (Build target(s)) -- FAILED.

Build FAILED.

Time Elapsed 00:00:04.49
